Symlinking /home/nvidia/Desktop/pedestrian-avoidance-capstone/devel/include/teb_local_planner/TebLocalPlannerReconfigureConfig.h
Symlinking /home/nvidia/Desktop/pedestrian-avoidance-capstone/devel/include/teb_local_planner/TrajectoryPointMsg.h
Symlinking /home/nvidia/Desktop/pedestrian-avoidance-capstone/devel/include/teb_local_planner/FeedbackMsg.h
Symlinking /home/nvidia/Desktop/pedestrian-avoidance-capstone/devel/include/teb_local_planner/TrajectoryMsg.h
Symlinking /home/nvidia/Desktop/pedestrian-avoidance-capstone/devel/share/common-lisp/ros/teb_local_planner/msg/_package.lisp
Symlinking /home/nvidia/Desktop/pedestrian-avoidance-capstone/devel/share/common-lisp/ros/teb_local_planner/msg/_package_TrajectoryMsg.lisp
Symlinking /home/nvidia/Desktop/pedestrian-avoidance-capstone/devel/share/common-lisp/ros/teb_local_planner/msg/_package_TrajectoryPointMsg.lisp
Symlinking /home/nvidia/Desktop/pedestrian-avoidance-capstone/devel/share/common-lisp/ros/teb_local_planner/msg/teb_local_planner-msg.asd
Symlinking /home/nvidia/Desktop/pedestrian-avoidance-capstone/devel/share/common-lisp/ros/teb_local_planner/msg/_package_FeedbackMsg.lisp
Symlinking /home/nvidia/Desktop/pedestrian-avoidance-capstone/devel/share/common-lisp/ros/teb_local_planner/msg/TrajectoryMsg.lisp
Symlinking /home/nvidia/Desktop/pedestrian-avoidance-capstone/devel/share/common-lisp/ros/teb_local_planner/msg/TrajectoryPointMsg.lisp
Symlinking /home/nvidia/Desktop/pedestrian-avoidance-capstone/devel/share/common-lisp/ros/teb_local_planner/msg/FeedbackMsg.lisp
Symlinking /home/nvidia/Desktop/pedestrian-avoidance-capstone/devel/share/roseus/ros/teb_local_planner/manifest.l
Symlinking /home/nvidia/Desktop/pedestrian-avoidance-capstone/devel/share/roseus/ros/teb_local_planner/msg/TrajectoryPointMsg.l
Symlinking /home/nvidia/Desktop/pedestrian-avoidance-capstone/devel/share/roseus/ros/teb_local_planner/msg/FeedbackMsg.l
Symlinking /home/nvidia/Desktop/pedestrian-avoidance-capstone/devel/share/roseus/ros/teb_local_planner/msg/TrajectoryMsg.l
Symlinking /home/nvidia/Desktop/pedestrian-avoidance-capstone/devel/share/teb_local_planner/cmake/teb_local_plannerConfig-version.cmake
Symlinking /home/nvidia/Desktop/pedestrian-avoidance-capstone/devel/share/teb_local_planner/cmake/teb_local_plannerConfig.cmake
Symlinking /home/nvidia/Desktop/pedestrian-avoidance-capstone/devel/share/teb_local_planner/cmake/teb_local_planner-msg-extras.cmake
Symlinking /home/nvidia/Desktop/pedestrian-avoidance-capstone/devel/share/teb_local_planner/cmake/teb_local_planner-msg-paths.cmake
Symlinking /home/nvidia/Desktop/pedestrian-avoidance-capstone/devel/share/teb_local_planner/docs/TebLocalPlannerReconfigureConfig-usage.dox
Symlinking /home/nvidia/Desktop/pedestrian-avoidance-capstone/devel/share/teb_local_planner/docs/TebLocalPlannerReconfigureConfig.wikidoc
Symlinking /home/nvidia/Desktop/pedestrian-avoidance-capstone/devel/share/teb_local_planner/docs/TebLocalPlannerReconfigureConfig.dox
Symlinking /home/nvidia/Desktop/pedestrian-avoidance-capstone/devel/share/gennodejs/ros/teb_local_planner/_index.js
Symlinking /home/nvidia/Desktop/pedestrian-avoidance-capstone/devel/share/gennodejs/ros/teb_local_planner/msg/_index.js
Symlinking /home/nvidia/Desktop/pedestrian-avoidance-capstone/devel/share/gennodejs/ros/teb_local_planner/msg/FeedbackMsg.js
Symlinking /home/nvidia/Desktop/pedestrian-avoidance-capstone/devel/share/gennodejs/ros/teb_local_planner/msg/TrajectoryPointMsg.js
Symlinking /home/nvidia/Desktop/pedestrian-avoidance-capstone/devel/share/gennodejs/ros/teb_local_planner/msg/TrajectoryMsg.js
Symlinking /home/nvidia/Desktop/pedestrian-avoidance-capstone/devel/lib/libteb_local_planner.so
Symlinking /home/nvidia/Desktop/pedestrian-avoidance-capstone/devel/lib/pkgconfig/teb_local_planner.pc
Symlinking /home/nvidia/Desktop/pedestrian-avoidance-capstone/devel/lib/teb_local_planner/test_optim_node
Symlinking /home/nvidia/Desktop/pedestrian-avoidance-capstone/devel/lib/python2.7/dist-packages/teb_local_planner/__init__.py
Symlinking /home/nvidia/Desktop/pedestrian-avoidance-capstone/devel/lib/python2.7/dist-packages/teb_local_planner/cfg/__init__.py
Symlinking /home/nvidia/Desktop/pedestrian-avoidance-capstone/devel/lib/python2.7/dist-packages/teb_local_planner/cfg/TebLocalPlannerReconfigureConfig.py
Symlinking /home/nvidia/Desktop/pedestrian-avoidance-capstone/devel/lib/python2.7/dist-packages/teb_local_planner/msg/_FeedbackMsg.py
Symlinking /home/nvidia/Desktop/pedestrian-avoidance-capstone/devel/lib/python2.7/dist-packages/teb_local_planner/msg/__init__.py
Symlinking /home/nvidia/Desktop/pedestrian-avoidance-capstone/devel/lib/python2.7/dist-packages/teb_local_planner/msg/_TrajectoryPointMsg.py
Symlinking /home/nvidia/Desktop/pedestrian-avoidance-capstone/devel/lib/python2.7/dist-packages/teb_local_planner/msg/_TrajectoryMsg.py
