[  0%] Built target _teb_local_planner_generate_messages_check_deps_TrajectoryMsg
[  0%] Built target _teb_local_planner_generate_messages_check_deps_FeedbackMsg
[  0%] Built target std_msgs_generate_messages_nodejs
[  0%] Built target darknet_ros_msgs_generate_messages_nodejs
[  0%] Built target geometry_msgs_generate_messages_nodejs
[  0%] Built target _teb_local_planner_generate_messages_check_deps_TrajectoryPointMsg
[  0%] Built target costmap_converter_generate_messages_nodejs
[  0%] Built target std_msgs_generate_messages_eus
[  0%] Built target darknet_ros_msgs_generate_messages_eus
[  0%] Built target costmap_converter_generate_messages_eus
[  0%] Built target geometry_msgs_generate_messages_eus
[  0%] Built target std_msgs_generate_messages_cpp
[  0%] Built target darknet_ros_msgs_generate_messages_cpp
[  0%] Built target costmap_converter_generate_messages_cpp
[  0%] Built target geometry_msgs_generate_messages_cpp
[  0%] Built target darknet_ros_msgs_generate_messages_lisp
[  0%] Built target costmap_converter_generate_messages_lisp
[  0%] Built target geometry_msgs_generate_messages_lisp
[  0%] Built target std_msgs_generate_messages_lisp
[  0%] Built target darknet_ros_msgs_generate_messages_py
[  0%] Built target costmap_converter_generate_messages_py
[  0%] Built target geometry_msgs_generate_messages_py
[  0%] Built target std_msgs_generate_messages_py
[  3%] Built target teb_local_planner_gencfg
[ 13%] Built target teb_local_planner_generate_messages_nodejs
[ 26%] Built target teb_local_planner_generate_messages_eus
[ 36%] Built target teb_local_planner_generate_messages_cpp
[ 46%] Built target teb_local_planner_generate_messages_lisp
[ 60%] Built target teb_local_planner_generate_messages_py
[ 63%] [32mBuilding CXX object CMakeFiles/teb_local_planner.dir/src/teb_local_planner_ros.cpp.o[0m
[ 66%] [32m[1mLinking CXX shared library /home/nvidia/Desktop/pedestrian-avoidance-capstone/devel/.private/teb_local_planner/lib/libteb_local_planner.so[0m
[ 93%] Built target teb_local_planner
[ 93%] Built target teb_local_planner_generate_messages
[ 96%] [32m[1mLinking CXX executable /home/nvidia/Desktop/pedestrian-avoidance-capstone/devel/.private/teb_local_planner/lib/teb_local_planner/test_optim_node[0m
[100%] Built target test_optim_node
