[  0%] Built target _teb_local_planner_generate_messages_check_deps_TrajectoryMsg
[  0%] Built target _teb_local_planner_generate_messages_check_deps_FeedbackMsg
[  0%] Built target std_msgs_generate_messages_nodejs
[  0%] Built target darknet_ros_msgs_generate_messages_nodejs
[  0%] Built target geometry_msgs_generate_messages_nodejs
[  0%] Built target _teb_local_planner_generate_messages_check_deps_TrajectoryPointMsg
[  0%] Built target costmap_converter_generate_messages_nodejs
[  0%] Built target std_msgs_generate_messages_eus
[  0%] Built target darknet_ros_msgs_generate_messages_eus
[  0%] Built target costmap_converter_generate_messages_eus
[  0%] Built target geometry_msgs_generate_messages_eus
[  0%] Built target std_msgs_generate_messages_cpp
[  0%] Built target darknet_ros_msgs_generate_messages_cpp
[  0%] Built target costmap_converter_generate_messages_cpp
[  0%] Built target geometry_msgs_generate_messages_cpp
[  0%] Built target darknet_ros_msgs_generate_messages_lisp
[  0%] Built target costmap_converter_generate_messages_lisp
[  0%] Built target geometry_msgs_generate_messages_lisp
[  0%] Built target std_msgs_generate_messages_lisp
[  0%] Built target darknet_ros_msgs_generate_messages_py
[  0%] Built target costmap_converter_generate_messages_py
[  0%] Built target geometry_msgs_generate_messages_py
[  0%] Built target std_msgs_generate_messages_py
[  3%] Built target teb_local_planner_gencfg
[ 13%] Built target teb_local_planner_generate_messages_nodejs
[ 26%] Built target teb_local_planner_generate_messages_eus
[ 36%] Built target teb_local_planner_generate_messages_cpp
[ 46%] Built target teb_local_planner_generate_messages_lisp
[ 60%] Built target teb_local_planner_generate_messages_py
[35m[1mScanning dependencies of target teb_local_planner[0m
[ 63%] [32mBuilding CXX object CMakeFiles/teb_local_planner.dir/src/teb_local_planner_ros.cpp.o[0m
[01m[K/home/nvidia/Desktop/pedestrian-avoidance-capstone/src/teb_local_planner/src/teb_local_planner_ros.cpp:[m[K In member function ‘[01m[Kvoid teb_local_planner::TebLocalPlannerROS::pedestrianDetectedCB(const ConstPtr&)[m[K’:
[01m[K/home/nvidia/Desktop/pedestrian-avoidance-capstone/src/teb_local_planner/src/teb_local_planner_ros.cpp:1002:32:[m[K [01;31m[Kerror: [m[Kcannot convert ‘[01m[Kconst _bounding_boxes_type {aka const std::vector<darknet_ros_msgs::BoundingBox_<std::allocator<void> >, std::allocator<darknet_ros_msgs::BoundingBox_<std::allocator<void> > > >}[m[K’ to ‘[01m[Kdarknet_ros_msgs::BoundingBox* {aka darknet_ros_msgs::BoundingBox_<std::allocator<void> >*}[m[K’ in assignment
   pedestrian_detected_objects_ = pedestrians_msg->bounding_boxes;
[01;32m[K                                ^[m[K
CMakeFiles/teb_local_planner.dir/build.make:230: recipe for target 'CMakeFiles/teb_local_planner.dir/src/teb_local_planner_ros.cpp.o' failed
make[2]: *** [CMakeFiles/teb_local_planner.dir/src/teb_local_planner_ros.cpp.o] Error 1
CMakeFiles/Makefile2:2498: recipe for target 'CMakeFiles/teb_local_planner.dir/all' failed
make[1]: *** [CMakeFiles/teb_local_planner.dir/all] Error 2
Makefile:138: recipe for target 'all' failed
make: *** [all] Error 2
