Not searching for unused variables given on the command line.
[36m--[0m Using CATKIN_DEVEL_PREFIX: /home/nvidia/Desktop/pedestrian-avoidance-capstone/devel/.private/teb_local_planner
[36m--[0m Using CMAKE_PREFIX_PATH: /home/nvidia/Desktop/pedestrian-avoidance-capstone/devel;/home/nvidia/catkin_ws/devel;/opt/ros/kinetic
[36m--[0m This workspace overlays: /home/nvidia/Desktop/pedestrian-avoidance-capstone/devel;/home/nvidia/catkin_ws/devel;/opt/ros/kinetic
[36m--[0m Found PythonInterp: /usr/bin/python2 (found suitable version "2.7.12", minimum required is "2")
[36m--[0m Using PYTHON_EXECUTABLE: /usr/bin/python2
[36m--[0m Using Debian Python package layout
[36m--[0m Using empy: /usr/bin/empy
[36m--[0m Using CATKIN_ENABLE_TESTING: ON
[36m--[0m Call enable_testing()
[36m--[0m Using CATKIN_TEST_RESULTS_DIR: /home/nvidia/Desktop/pedestrian-avoidance-capstone/build/teb_local_planner/test_results
[36m--[0m Found gtest sources under '/usr/src/gmock': gtests will be built
[36m--[0m Found gmock sources under '/usr/src/gmock': gmock will be built
[36m--[0m Found PythonInterp: /usr/bin/python2 (found version "2.7.12")
[36m--[0m Using Python nosetests: /usr/bin/nosetests-2.7
[36m--[0m catkin 0.7.29
[36m--[0m BUILD_SHARED_LIBS is on
[36m--[0m Using these message generators: gencpp;geneus;genlisp;gennodejs;genpy
[36m--[0m System: Linux-4.4.227-tegra
[36m--[0m /opt/ros/kinetic/share/cmake_modules/cmake/../../../share/cmake_modules/cmake/Modules;/home/nvidia/Desktop/pedestrian-avoidance-capstone/src/teb_local_planner/cmake_modules
[36m--[0m Boost version: 1.58.0
[36m--[0m Found the following Boost libraries:
[36m--[0m   system
[36m--[0m   thread
[36m--[0m   graph
[36m--[0m   chrono
[36m--[0m   date_time
[36m--[0m   atomic
[36m--[0m Found SuiteSparse
[36m--[0m Searching for g2o ...
[36m--[0m Found g2o headers in: /opt/ros/kinetic/include/g2o
[36m--[0m Found libg2o: /opt/ros/kinetic/lib/libg2o_csparse_extension.so;/opt/ros/kinetic/lib/libg2o_core.so;/opt/ros/kinetic/lib/libg2o_stuff.so;/opt/ros/kinetic/lib/libg2o_types_slam2d.so;/opt/ros/kinetic/lib/libg2o_types_slam3d.so;/opt/ros/kinetic/lib/libg2o_solver_cholmod.so;/opt/ros/kinetic/lib/libg2o_solver_pcg.so;/opt/ros/kinetic/lib/libg2o_solver_csparse.so;/opt/ros/kinetic/lib/libg2o_incremental.so
[31m[1mCMake Error[0m at /opt/ros/kinetic/share/catkin/cmake/assert.cmake:20 (message):


  Assertion failed: file
  '/home/nvidia/Desktop/pedestrian-avoidance-capstone/src/teb_local_planner/msg/BoundingBoxes.msg'
  does not exist.  Message: message file not found

[36mCall Stack (most recent call first):[0m
  /opt/ros/kinetic/share/genmsg/cmake/genmsg-extras.cmake:113 (assert_file_exists)
  CMakeLists.txt:101 (add_message_files)


[36m--[0m Configuring incomplete, errors occurred!
See also "/home/nvidia/Desktop/pedestrian-avoidance-capstone/build/teb_local_planner/CMakeFiles/CMakeOutput.log".
See also "/home/nvidia/Desktop/pedestrian-avoidance-capstone/build/teb_local_planner/CMakeFiles/CMakeError.log".
